<?xml version="1.0" encoding="UTF-8"?>
<!-- Generated by org.testng.reporters.JUnitReportReporter -->
<testsuite hostname="ASUS" failures="0" tests="1" name="gaurav.Assignment2" time="2.874" errors="0" timestamp="2023-03-04T15:32:52 IST" skipped="0">
  <testcase classname="gaurav.Assignment2" name="assig" time="2.874"/>
  <system-out/>
</testsuite> <!-- gaurav.Assignment2 -->
