<?xml version="1.0" encoding="UTF-8"?>
<!-- Generated by org.testng.reporters.JUnitReportReporter -->
<testsuite hostname="ASUS" failures="0" tests="1" name="serialiseDeserialize.SerialDe" time="4.642" errors="0" timestamp="2023-03-06T18:19:23 IST" skipped="0">
  <testcase classname="serialiseDeserialize.SerialDe" name="postSD" time="4.642"/>
  <system-out/>
</testsuite> <!-- serialiseDeserialize.SerialDe -->
