<?xml version="1.0" encoding="UTF-8"?>
<!-- Generated by org.testng.reporters.JUnitReportReporter -->
<testsuite hostname="ASUS" failures="0" tests="1" name="ecomProject.PlaceOrder" time="0.188" errors="0" timestamp="2023-03-10T17:46:46 IST" skipped="0">
  <testcase classname="ecomProject.PlaceOrder" name="placeOrderDetail" time="0.188"/>
  <system-out/>
</testsuite> <!-- ecomProject.PlaceOrder -->
