<?xml version="1.0" encoding="UTF-8"?>
<!-- Generated by org.testng.reporters.JUnitReportReporter -->
<testsuite hostname="ASUS" failures="0" tests="1" name="gaurav.ComplexPath" time="4.118" errors="0" timestamp="2023-03-04T12:50:38 IST" skipped="0">
  <testcase classname="gaurav.ComplexPath" name="complex" time="4.118"/>
  <system-out/>
</testsuite> <!-- gaurav.ComplexPath -->
