<?xml version="1.0" encoding="UTF-8"?>
<!-- Generated by org.testng.reporters.JUnitReportReporter -->
<testsuite hostname="ASUS" failures="0" tests="1" name="gaurav.First" time="4.291" errors="0" timestamp="2023-03-15T17:44:31 IST" skipped="0">
  <testcase classname="gaurav.First" name="checkGET" time="4.291"/>
  <system-out/>
</testsuite> <!-- gaurav.First -->
